<?xml version="1.0" encoding="UTF-8"?>
<testng-results skipped="0" failed="0" ignored="0" total="1" passed="1">
  <reporter-output>
  </reporter-output>
  <suite name="Suite" duration-ms="34230" started-at="2017-10-01T13:43:56Z" finished-at="2017-10-01T13:44:30Z">
    <groups>
    </groups>
    <test name="Test" duration-ms="34230" started-at="2017-10-01T13:43:56Z" finished-at="2017-10-01T13:44:30Z">
      <class name="com.BrowserLaunch.FFBrowser">
        <test-method status="PASS" signature="invokeBrowser()[pri:0, instance:com.BrowserLaunch.FFBrowser@4cc0edeb]" name="invokeBrowser" duration-ms="34076" started-at="2017-10-01T14:43:56Z" finished-at="2017-10-01T14:44:30Z">
          <reporter-output>
          </reporter-output>
        </test-method> <!-- invokeBrowser -->
      </class> <!-- com.BrowserLaunch.FFBrowser -->
    </test> <!-- Test -->
  </suite> <!-- Suite -->
</testng-results>
